This is pdfTeX, Version 3.141592653-2.6-1.40.26 (MiKTeX 24.4) (preloaded format=pdflatex 2024.6.13)  15 JUN 2024 15:23
entering extended mode
 restricted \write18 enabled.
 file:line:error style messages enabled.
 %&-line parsing enabled.
**c:/Users/moham/OneDrive/Bureau/webReport/main.tex
(c:/Users/moham/OneDrive/Bureau/webReport/main.tex
LaTeX2e <2024-06-01>
L3 programming layer <2024-05-08>
(C:\Users\moham\AppData\Local\Programs\MiKTeX\tex/latex/base\article.cls
Document Class: article 2024/02/08 v1.4n Standard LaTeX document class
(C:\Users\moham\AppData\Local\Programs\MiKTeX\tex/latex/base\size10.clo
File: size10.clo 2024/02/08 v1.4n Standard LaTeX file (size option)
)
\c@part=\count194
\c@section=\count195
\c@subsection=\count196
\c@subsubsection=\count197
\c@paragraph=\count198
\c@subparagraph=\count199
\c@figure=\count266
\c@table=\count267
\abovecaptionskip=\skip49
\belowcaptionskip=\skip50
\bibindent=\dimen141
) (C:\Users\moham\AppData\Local\Programs\MiKTeX\tex/latex/base\inputenc.sty
Package: inputenc 2024/02/08 v1.3d Input encoding file
\inpenc@prehook=\toks17
\inpenc@posthook=\toks18
) (C:\Users\moham\AppData\Local\Programs\MiKTeX\tex/latex/base\fontenc.sty
Package: fontenc 2021/04/29 v2.0v Standard LaTeX package
) (C:\Users\moham\AppData\Local\Programs\MiKTeX\tex/latex/graphics\graphicx.sty
Package: graphicx 2021/09/16 v1.2d Enhanced LaTeX Graphics (DPC,SPQR)
 (C:\Users\moham\AppData\Local\Programs\MiKTeX\tex/latex/graphics\keyval.sty
Package: keyval 2022/05/29 v1.15 key=value parser (DPC)
\KV@toks@=\toks19
) (C:\Users\moham\AppData\Local\Programs\MiKTeX\tex/latex/graphics\graphics.sty
Package: graphics 2022/03/10 v1.4e Standard LaTeX Graphics (DPC,SPQR)
 (C:\Users\moham\AppData\Local\Programs\MiKTeX\tex/latex/graphics\trig.sty
Package: trig 2021/08/11 v1.11 sin cos tan (DPC)
) (C:\Users\moham\AppData\Local\Programs\MiKTeX\tex/latex/graphics-cfg\graphics.cfg
File: graphics.cfg 2016/06/04 v1.11 sample graphics configuration
)
Package graphics Info: Driver file: pdftex.def on input line 107.
 (C:\Users\moham\AppData\Local\Programs\MiKTeX\tex/latex/graphics-def\pdftex.def
File: pdftex.def 2024/04/13 v1.2c Graphics/color driver for pdftex
))
\Gin@req@height=\dimen142
\Gin@req@width=\dimen143
) (C:\Users\moham\AppData\Local\Programs\MiKTeX\tex/latex/listings\listings.sty
\lst@mode=\count268
\lst@gtempboxa=\box52
\lst@token=\toks20
\lst@length=\count269
\lst@currlwidth=\dimen144
\lst@column=\count270
\lst@pos=\count271
\lst@lostspace=\dimen145
\lst@width=\dimen146
\lst@newlines=\count272
\lst@lineno=\count273
\lst@maxwidth=\dimen147
 (C:\Users\moham\AppData\Local\Programs\MiKTeX\tex/latex/listings\lstpatch.sty
File: lstpatch.sty 2024/05/25 1.10b (Carsten Heinz)
) (C:\Users\moham\AppData\Local\Programs\MiKTeX\tex/latex/listings\lstmisc.sty
File: lstmisc.sty 2024/05/25 1.10b (Carsten Heinz)
\c@lstnumber=\count274
\lst@skipnumbers=\count275
\lst@framebox=\box53
) (C:\Users\moham\AppData\Local\Programs\MiKTeX\tex/latex/listings\listings.cfg
File: listings.cfg 2024/05/25 1.10b listings configuration
))
Package: listings 2024/05/25 1.10b (Carsten Heinz)
 (C:\Users\moham\AppData\Local\Programs\MiKTeX\tex/latex/amsmath\amsmath.sty
Package: amsmath 2023/05/13 v2.17o AMS math features
\@mathmargin=\skip51

For additional information on amsmath, use the `?' option.
(C:\Users\moham\AppData\Local\Programs\MiKTeX\tex/latex/amsmath\amstext.sty
Package: amstext 2021/08/26 v2.01 AMS text
 (C:\Users\moham\AppData\Local\Programs\MiKTeX\tex/latex/amsmath\amsgen.sty
File: amsgen.sty 1999/11/30 v2.0 generic functions
\@emptytoks=\toks21
\ex@=\dimen148
)) (C:\Users\moham\AppData\Local\Programs\MiKTeX\tex/latex/amsmath\amsbsy.sty
Package: amsbsy 1999/11/29 v1.2d Bold Symbols
\pmbraise@=\dimen149
) (C:\Users\moham\AppData\Local\Programs\MiKTeX\tex/latex/amsmath\amsopn.sty
Package: amsopn 2022/04/08 v2.04 operator names
)
\inf@bad=\count276
LaTeX Info: Redefining \frac on input line 234.
\uproot@=\count277
\leftroot@=\count278
LaTeX Info: Redefining \overline on input line 399.
LaTeX Info: Redefining \colon on input line 410.
\classnum@=\count279
\DOTSCASE@=\count280
LaTeX Info: Redefining \ldots on input line 496.
LaTeX Info: Redefining \dots on input line 499.
LaTeX Info: Redefining \cdots on input line 620.
\Mathstrutbox@=\box54
\strutbox@=\box55
LaTeX Info: Redefining \big on input line 722.
LaTeX Info: Redefining \Big on input line 723.
LaTeX Info: Redefining \bigg on input line 724.
LaTeX Info: Redefining \Bigg on input line 725.
\big@size=\dimen150
LaTeX Font Info:    Redeclaring font encoding OML on input line 743.
LaTeX Font Info:    Redeclaring font encoding OMS on input line 744.
\macc@depth=\count281
LaTeX Info: Redefining \bmod on input line 905.
LaTeX Info: Redefining \pmod on input line 910.
LaTeX Info: Redefining \smash on input line 940.
LaTeX Info: Redefining \relbar on input line 970.
LaTeX Info: Redefining \Relbar on input line 971.
\c@MaxMatrixCols=\count282
\dotsspace@=\muskip17
\c@parentequation=\count283
\dspbrk@lvl=\count284
\tag@help=\toks22
\row@=\count285
\column@=\count286
\maxfields@=\count287
\andhelp@=\toks23
\eqnshift@=\dimen151
\alignsep@=\dimen152
\tagshift@=\dimen153
\tagwidth@=\dimen154
\totwidth@=\dimen155
\lineht@=\dimen156
\@envbody=\toks24
\multlinegap=\skip52
\multlinetaggap=\skip53
\mathdisplay@stack=\toks25
LaTeX Info: Redefining \[ on input line 2953.
LaTeX Info: Redefining \] on input line 2954.
) (C:\Users\moham\AppData\Local\Programs\MiKTeX\tex/latex/xcolor\xcolor.sty
Package: xcolor 2023/11/15 v3.01 LaTeX color extensions (UK)
 (C:\Users\moham\AppData\Local\Programs\MiKTeX\tex/latex/graphics-cfg\color.cfg
File: color.cfg 2016/01/02 v1.6 sample color configuration
)
Package xcolor Info: Driver file: pdftex.def on input line 274.
 (C:\Users\moham\AppData\Local\Programs\MiKTeX\tex/latex/graphics\mathcolor.ltx)
Package xcolor Info: Model `cmy' substituted by `cmy0' on input line 1350.
Package xcolor Info: Model `hsb' substituted by `rgb' on input line 1354.
Package xcolor Info: Model `RGB' extended on input line 1366.
Package xcolor Info: Model `HTML' substituted by `rgb' on input line 1368.
Package xcolor Info: Model `Hsb' substituted by `hsb' on input line 1369.
Package xcolor Info: Model `tHsb' substituted by `hsb' on input line 1370.
Package xcolor Info: Model `HSB' substituted by `hsb' on input line 1371.
Package xcolor Info: Model `Gray' substituted by `gray' on input line 1372.
Package xcolor Info: Model `wave' substituted by `hsb' on input line 1373.
) (C:\Users\moham\AppData\Local\Programs\MiKTeX\tex/latex/algorithms\algorithmic.sty
Package: algorithmic 2009/08/24 v0.1 Document Style `algorithmic'
 (C:\Users\moham\AppData\Local\Programs\MiKTeX\tex/latex/base\ifthen.sty
Package: ifthen 2024/03/16 v1.1e Standard LaTeX ifthen package (DPC)
)
\c@ALC@unique=\count288
\c@ALC@line=\count289
\c@ALC@rem=\count290
\c@ALC@depth=\count291
\ALC@tlm=\skip54
\algorithmicindent=\skip55
) (C:\Users\moham\AppData\Local\Programs\MiKTeX\tex/latex/amsfonts\amssymb.sty
Package: amssymb 2013/01/14 v3.01 AMS font symbols
 (C:\Users\moham\AppData\Local\Programs\MiKTeX\tex/latex/amsfonts\amsfonts.sty
Package: amsfonts 2013/01/14 v3.01 Basic AMSFonts support
\symAMSa=\mathgroup4
\symAMSb=\mathgroup5
LaTeX Font Info:    Redeclaring math symbol \hbar on input line 98.
LaTeX Font Info:    Overwriting math alphabet `\mathfrak' in version `bold'
(Font)                  U/euf/m/n --> U/euf/b/n on input line 106.
)) (C:\Users\moham\AppData\Local\Programs\MiKTeX\tex/latex/float\float.sty
Package: float 2001/11/08 v1.3d Float enhancements (AL)
\c@float@type=\count292
\float@exts=\toks26
\float@box=\box56
\@float@everytoks=\toks27
\@floatcapt=\box57
) (C:\Users\moham\AppData\Local\Programs\MiKTeX\tex/latex/lipsum\lipsum.sty (C:\Users\moham\AppData\Local\Programs\MiKTeX\tex/latex/l3packages/l3keys2e\l3keys2e.sty (C:\Users\moham\AppData\Local\Programs\MiKTeX\tex/latex/l3kernel\expl3.sty
Package: expl3 2024-05-08 L3 programming layer (loader) 
 (C:\Users\moham\AppData\Local\Programs\MiKTeX\tex/latex/l3backend\l3backend-pdftex.def
File: l3backend-pdftex.def 2024-05-08 L3 backend support: PDF output (pdfTeX)
\l__color_backend_stack_int=\count293
\l__pdf_internal_box=\box58
))
Package: l3keys2e 2024-05-08 LaTeX2e option processing using LaTeX3 keys
)
Package: lipsum 2021-09-20 v2.7 150 paragraphs of Lorem Ipsum dummy text
\g__lipsum_par_int=\count294
\l__lipsum_a_int=\count295
\l__lipsum_b_int=\count296
 (C:\Users\moham\AppData\Local\Programs\MiKTeX\tex/latex/lipsum\lipsum.ltd.tex)) (C:\Users\moham\AppData\Local\Programs\MiKTeX\tex/latex/tools\array.sty
Package: array 2023/10/16 v2.5g Tabular extension package (FMi)
\col@sep=\dimen157
\ar@mcellbox=\box59
\extrarowheight=\dimen158
\NC@list=\toks28
\extratabsurround=\skip56
\backup@length=\skip57
\ar@cellbox=\box60
) (C:\Users\moham\AppData\Local\Programs\MiKTeX\tex/latex/enumitem\enumitem.sty
Package: enumitem 2019/06/20 v3.9 Customized lists
\labelindent=\skip58
\enit@outerparindent=\dimen159
\enit@toks=\toks29
\enit@inbox=\box61
\enit@count@id=\count297
\enitdp@description=\count298
) (C:\Users\moham\AppData\Local\Programs\MiKTeX\tex/latex/geometry\geometry.sty
Package: geometry 2020/01/02 v5.9 Page Geometry
 (C:\Users\moham\AppData\Local\Programs\MiKTeX\tex/generic/iftex\ifvtex.sty
Package: ifvtex 2019/10/25 v1.7 ifvtex legacy package. Use iftex instead.
 (C:\Users\moham\AppData\Local\Programs\MiKTeX\tex/generic/iftex\iftex.sty
Package: iftex 2022/02/03 v1.0f TeX engine tests
))
\Gm@cnth=\count299
\Gm@cntv=\count300
\c@Gm@tempcnt=\count301
\Gm@bindingoffset=\dimen160
\Gm@wd@mp=\dimen161
\Gm@odd@mp=\dimen162
\Gm@even@mp=\dimen163
\Gm@layoutwidth=\dimen164
\Gm@layoutheight=\dimen165
\Gm@layouthoffset=\dimen166
\Gm@layoutvoffset=\dimen167
\Gm@dimlist=\toks30
 (C:\Users\moham\AppData\Local\Programs\MiKTeX\tex/latex/geometry\geometry.cfg)) (C:\Users\moham\AppData\Local\Programs\MiKTeX\tex/latex/titlesec\titlesec.sty
Package: titlesec 2023/10/27 v2.16 Sectioning titles
\ttl@box=\box62
\beforetitleunit=\skip59
\aftertitleunit=\skip60
\ttl@plus=\dimen168
\ttl@minus=\dimen169
\ttl@toksa=\toks31
\titlewidth=\dimen170
\titlewidthlast=\dimen171
\titlewidthfirst=\dimen172
) (C:\Users\moham\AppData\Local\Programs\MiKTeX\tex/latex/placeins\placeins.sty
Package: placeins 2005/04/18  v 2.2
) (C:\Users\moham\AppData\Local\Programs\MiKTeX\tex/latex/hyperref\hyperref.sty
Package: hyperref 2024-05-23 v7.01i Hypertext links for LaTeX
 (C:\Users\moham\AppData\Local\Programs\MiKTeX\tex/latex/kvsetkeys\kvsetkeys.sty
Package: kvsetkeys 2022-10-05 v1.19 Key value parser (HO)
) (C:\Users\moham\AppData\Local\Programs\MiKTeX\tex/generic/kvdefinekeys\kvdefinekeys.sty
Package: kvdefinekeys 2019-12-19 v1.6 Define keys (HO)
) (C:\Users\moham\AppData\Local\Programs\MiKTeX\tex/generic/pdfescape\pdfescape.sty
Package: pdfescape 2019/12/09 v1.15 Implements pdfTeX's escape features (HO)
 (C:\Users\moham\AppData\Local\Programs\MiKTeX\tex/generic/ltxcmds\ltxcmds.sty
Package: ltxcmds 2023-12-04 v1.26 LaTeX kernel commands for general use (HO)
) (C:\Users\moham\AppData\Local\Programs\MiKTeX\tex/generic/pdftexcmds\pdftexcmds.sty
Package: pdftexcmds 2020-06-27 v0.33 Utility functions of pdfTeX for LuaTeX (HO)
 (C:\Users\moham\AppData\Local\Programs\MiKTeX\tex/generic/infwarerr\infwarerr.sty
Package: infwarerr 2019/12/03 v1.5 Providing info/warning/error messages (HO)
)
Package pdftexcmds Info: \pdf@primitive is available.
Package pdftexcmds Info: \pdf@ifprimitive is available.
Package pdftexcmds Info: \pdfdraftmode found.
)) (C:\Users\moham\AppData\Local\Programs\MiKTeX\tex/latex/hycolor\hycolor.sty
Package: hycolor 2020-01-27 v1.10 Color options for hyperref/bookmark (HO)
) (C:\Users\moham\AppData\Local\Programs\MiKTeX\tex/latex/hyperref\nameref.sty
Package: nameref 2023-11-26 v2.56 Cross-referencing by name of section
 (C:\Users\moham\AppData\Local\Programs\MiKTeX\tex/latex/refcount\refcount.sty
Package: refcount 2019/12/15 v3.6 Data extraction from label references (HO)
) (C:\Users\moham\AppData\Local\Programs\MiKTeX\tex/generic/gettitlestring\gettitlestring.sty
Package: gettitlestring 2019/12/15 v1.6 Cleanup title references (HO)
 (C:\Users\moham\AppData\Local\Programs\MiKTeX\tex/latex/kvoptions\kvoptions.sty
Package: kvoptions 2022-06-15 v3.15 Key value format for package options (HO)
))
\c@section@level=\count302
) (C:\Users\moham\AppData\Local\Programs\MiKTeX\tex/latex/etoolbox\etoolbox.sty
Package: etoolbox 2020/10/05 v2.5k e-TeX tools for LaTeX (JAW)
\etb@tempcnta=\count303
) (C:\Users\moham\AppData\Local\Programs\MiKTeX\tex/generic/stringenc\stringenc.sty
Package: stringenc 2019/11/29 v1.12 Convert strings between diff. encodings (HO)
)
\@linkdim=\dimen173
\Hy@linkcounter=\count304
\Hy@pagecounter=\count305
 (C:\Users\moham\AppData\Local\Programs\MiKTeX\tex/latex/hyperref\pd1enc.def
File: pd1enc.def 2024-05-23 v7.01i Hyperref: PDFDocEncoding definition (HO)
Now handling font encoding PD1 ...
... no UTF-8 mapping file for font encoding PD1
) (C:\Users\moham\AppData\Local\Programs\MiKTeX\tex/generic/intcalc\intcalc.sty
Package: intcalc 2019/12/15 v1.3 Expandable calculations with integers (HO)
)
\Hy@SavedSpaceFactor=\count306
 (C:\Users\moham\AppData\Local\Programs\MiKTeX\tex/latex/hyperref\puenc.def
File: puenc.def 2024-05-23 v7.01i Hyperref: PDF Unicode definition (HO)
Now handling font encoding PU ...
... no UTF-8 mapping file for font encoding PU
)
Package hyperref Info: Option `colorlinks' set `true' on input line 4040.
Package hyperref Info: Hyper figures OFF on input line 4157.
Package hyperref Info: Link nesting OFF on input line 4162.
Package hyperref Info: Hyper index ON on input line 4165.
Package hyperref Info: Plain pages OFF on input line 4172.
Package hyperref Info: Backreferencing OFF on input line 4177.
Package hyperref Info: Implicit mode ON; LaTeX internals redefined.
Package hyperref Info: Bookmarks ON on input line 4424.
\c@Hy@tempcnt=\count307
 (C:\Users\moham\AppData\Local\Programs\MiKTeX\tex/latex/url\url.sty
\Urlmuskip=\muskip18
Package: url 2013/09/16  ver 3.4  Verb mode for urls, etc.
)
LaTeX Info: Redefining \url on input line 4763.
\XeTeXLinkMargin=\dimen174
 (C:\Users\moham\AppData\Local\Programs\MiKTeX\tex/generic/bitset\bitset.sty
Package: bitset 2019/12/09 v1.3 Handle bit-vector datatype (HO)
 (C:\Users\moham\AppData\Local\Programs\MiKTeX\tex/generic/bigintcalc\bigintcalc.sty
Package: bigintcalc 2019/12/15 v1.5 Expandable calculations on big integers (HO)
))
\Fld@menulength=\count308
\Field@Width=\dimen175
\Fld@charsize=\dimen176
Package hyperref Info: Hyper figures OFF on input line 6042.
Package hyperref Info: Link nesting OFF on input line 6047.
Package hyperref Info: Hyper index ON on input line 6050.
Package hyperref Info: backreferencing OFF on input line 6057.
Package hyperref Info: Link coloring ON on input line 6060.
Package hyperref Info: Link coloring with OCG OFF on input line 6067.
Package hyperref Info: PDF/A mode OFF on input line 6072.
 (C:\Users\moham\AppData\Local\Programs\MiKTeX\tex/latex/base\atbegshi-ltx.sty
Package: atbegshi-ltx 2021/01/10 v1.0c Emulation of the original atbegshi
package with kernel methods
)
\Hy@abspage=\count309
\c@Item=\count310
\c@Hfootnote=\count311
)
Package hyperref Info: Driver (autodetected): hpdftex.
 (C:\Users\moham\AppData\Local\Programs\MiKTeX\tex/latex/hyperref\hpdftex.def
File: hpdftex.def 2024-05-23 v7.01i Hyperref driver for pdfTeX
 (C:\Users\moham\AppData\Local\Programs\MiKTeX\tex/latex/base\atveryend-ltx.sty
Package: atveryend-ltx 2020/08/19 v1.0a Emulation of the original atveryend package
with kernel methods
)
\Fld@listcount=\count312
\c@bookmark@seq@number=\count313
 (C:\Users\moham\AppData\Local\Programs\MiKTeX\tex/latex/rerunfilecheck\rerunfilecheck.sty
Package: rerunfilecheck 2022-07-10 v1.10 Rerun checks for auxiliary files (HO)
 (C:\Users\moham\AppData\Local\Programs\MiKTeX\tex/generic/uniquecounter\uniquecounter.sty
Package: uniquecounter 2019/12/15 v1.4 Provide unlimited unique counter (HO)
)
Package uniquecounter Info: New unique counter `rerunfilecheck' on input line 285.
)
\Hy@SectionHShift=\skip61
) (main.aux)
\openout1 = `main.aux'.

LaTeX Font Info:    Checking defaults for OML/cmm/m/it on input line 30.
LaTeX Font Info:    ... okay on input line 30.
LaTeX Font Info:    Checking defaults for OMS/cmsy/m/n on input line 30.
LaTeX Font Info:    ... okay on input line 30.
LaTeX Font Info:    Checking defaults for OT1/cmr/m/n on input line 30.
LaTeX Font Info:    ... okay on input line 30.
LaTeX Font Info:    Checking defaults for T1/cmr/m/n on input line 30.
LaTeX Font Info:    ... okay on input line 30.
LaTeX Font Info:    Checking defaults for TS1/cmr/m/n on input line 30.
LaTeX Font Info:    ... okay on input line 30.
LaTeX Font Info:    Checking defaults for OMX/cmex/m/n on input line 30.
LaTeX Font Info:    ... okay on input line 30.
LaTeX Font Info:    Checking defaults for U/cmr/m/n on input line 30.
LaTeX Font Info:    ... okay on input line 30.
LaTeX Font Info:    Checking defaults for PD1/pdf/m/n on input line 30.
LaTeX Font Info:    ... okay on input line 30.
LaTeX Font Info:    Checking defaults for PU/pdf/m/n on input line 30.
LaTeX Font Info:    ... okay on input line 30.
 (C:\Users\moham\AppData\Local\Programs\MiKTeX\tex/context/base/mkii\supp-pdf.mkii
[Loading MPS to PDF converter (version 2006.09.02).]
\scratchcounter=\count314
\scratchdimen=\dimen177
\scratchbox=\box63
\nofMPsegments=\count315
\nofMParguments=\count316
\everyMPshowfont=\toks32
\MPscratchCnt=\count317
\MPscratchDim=\dimen178
\MPnumerator=\count318
\makeMPintoPDFobject=\count319
\everyMPtoPDFconversion=\toks33
) (C:\Users\moham\AppData\Local\Programs\MiKTeX\tex/latex/epstopdf-pkg\epstopdf-base.sty
Package: epstopdf-base 2020-01-24 v2.11 Base part for package epstopdf
Package epstopdf-base Info: Redefining graphics rule for `.eps' on input line 485.
 (C:\Users\moham\AppData\Local\Programs\MiKTeX\tex/latex/00miktex\epstopdf-sys.cfg
File: epstopdf-sys.cfg 2021/03/18 v2.0 Configuration of epstopdf for MiKTeX
))
\c@lstlisting=\count320

*geometry* driver: auto-detecting
*geometry* detected driver: pdftex
*geometry* verbose mode - [ preamble ] result:
* driver: pdftex
* paper: a4paper
* layout: <same size as paper>
* layoutoffset:(h,v)=(0.0pt,0.0pt)
* modes: 
* h-part:(L,W,R)=(72.26999pt, 452.9679pt, 72.26999pt)
* v-part:(T,H,B)=(72.26999pt, 700.50687pt, 72.26999pt)
* \paperwidth=597.50787pt
* \paperheight=845.04684pt
* \textwidth=452.9679pt
* \textheight=700.50687pt
* \oddsidemargin=0.0pt
* \evensidemargin=0.0pt
* \topmargin=-37.0pt
* \headheight=12.0pt
* \headsep=25.0pt
* \topskip=10.0pt
* \footskip=30.0pt
* \marginparwidth=65.0pt
* \marginparsep=11.0pt
* \columnsep=10.0pt
* \skip\footins=9.0pt plus 4.0pt minus 2.0pt
* \hoffset=0.0pt
* \voffset=0.0pt
* \mag=1000
* \@twocolumnfalse
* \@twosidefalse
* \@mparswitchfalse
* \@reversemarginfalse
* (1in=72.27pt=25.4mm, 1cm=28.453pt)

Package hyperref Info: Link coloring ON on input line 30.
(main.out) (main.out)
\@outlinefile=\write3
\openout3 = `main.out'.

 (main.toc
LaTeX Font Info:    Trying to load font information for U+msa on input line 4.
 (C:\Users\moham\AppData\Local\Programs\MiKTeX\tex/latex/amsfonts\umsa.fd
File: umsa.fd 2013/01/14 v3.01 AMS symbols A
)
LaTeX Font Info:    Trying to load font information for U+msb on input line 4.
 (C:\Users\moham\AppData\Local\Programs\MiKTeX\tex/latex/amsfonts\umsb.fd
File: umsb.fd 2013/01/14 v3.01 AMS symbols B
))
\tf@toc=\write4
\openout4 = `main.toc'.



[2

{C:/Users/moham/AppData/Local/MiKTeX/fonts/map/pdftex/pdftex.map}] (main.lof)
\tf@lof=\write5
\openout5 = `main.lof'.

 (main.lot)
\tf@lot=\write6
\openout6 = `main.lot'.



[3]

[4]

[5]

[6]

[7]
<assets/diagrammes/class.jpg, id=327, 1523.6925pt x 925.4575pt>
File: assets/diagrammes/class.jpg Graphic file (type jpg)
<use assets/diagrammes/class.jpg>
Package pdftex.def Info: assets/diagrammes/class.jpg  used on input line 182.
(pdftex.def)             Requested size: 452.9679pt x 275.11168pt.


[8 <./assets/diagrammes/class.jpg>]
<assets/diagrammes/jpg/Model1!useCaseQuestion_0.jpg, id=333, 1155.31625pt x 869.2475pt>
File: assets/diagrammes/jpg/Model1!useCaseQuestion_0.jpg Graphic file (type jpg)
<use assets/diagrammes/jpg/Model1!useCaseQuestion_0.jpg>
Package pdftex.def Info: assets/diagrammes/jpg/Model1!useCaseQuestion_0.jpg  used on input line 193.
(pdftex.def)             Requested size: 362.37569pt x 272.6472pt.
<assets/diagrammes/jpg/Model2!UseCaseEvent_1.jpg, id=334, 669.50125pt x 596.2275pt>
File: assets/diagrammes/jpg/Model2!UseCaseEvent_1.jpg Graphic file (type jpg)
<use assets/diagrammes/jpg/Model2!UseCaseEvent_1.jpg>
Package pdftex.def Info: assets/diagrammes/jpg/Model2!UseCaseEvent_1.jpg  used on input line 202.
(pdftex.def)             Requested size: 271.7835pt x 242.04396pt.


[9 <./assets/diagrammes/jpg/Model1!useCaseQuestion_0.jpg> <./assets/diagrammes/jpg/Model2!UseCaseEvent_1.jpg>]
<assets/diagrammes/jpg/Model3!UseCaseDoc_2.jpg, id=339, 1144.275pt x 422.57875pt>
File: assets/diagrammes/jpg/Model3!UseCaseDoc_2.jpg Graphic file (type jpg)
<use assets/diagrammes/jpg/Model3!UseCaseDoc_2.jpg>
Package pdftex.def Info: assets/diagrammes/jpg/Model3!UseCaseDoc_2.jpg  used on input line 211.
(pdftex.def)             Requested size: 362.37569pt x 133.82228pt.
<assets/diagrammes/jpg/Model4!UseCaseFormation_3.jpg, id=340, 865.73438pt x 445.665pt>
File: assets/diagrammes/jpg/Model4!UseCaseFormation_3.jpg Graphic file (type jpg)
<use assets/diagrammes/jpg/Model4!UseCaseFormation_3.jpg>
Package pdftex.def Info: assets/diagrammes/jpg/Model4!UseCaseFormation_3.jpg  used on input line 220.
(pdftex.def)             Requested size: 362.37569pt x 186.5456pt.


[10 <./assets/diagrammes/jpg/Model3!UseCaseDoc_2.jpg> <./assets/diagrammes/jpg/Model4!UseCaseFormation_3.jpg>]
<assets/diagrammes/jpg/Model5!UseCaseCollab_4.jpg, id=345, 1167.36125pt x 866.23625pt>
File: assets/diagrammes/jpg/Model5!UseCaseCollab_4.jpg Graphic file (type jpg)
<use assets/diagrammes/jpg/Model5!UseCaseCollab_4.jpg>
Package pdftex.def Info: assets/diagrammes/jpg/Model5!UseCaseCollab_4.jpg  used on input line 229.
(pdftex.def)             Requested size: 362.37569pt x 268.90056pt.
<assets/diagrammes/jpg/Model6!UseCaseProject_5.jpg, id=346, 1173.38374pt x 547.04375pt>
File: assets/diagrammes/jpg/Model6!UseCaseProject_5.jpg Graphic file (type jpg)
<use assets/diagrammes/jpg/Model6!UseCaseProject_5.jpg>
Package pdftex.def Info: assets/diagrammes/jpg/Model6!UseCaseProject_5.jpg  used on input line 237.
(pdftex.def)             Requested size: 362.37569pt x 168.93907pt.


[11 <./assets/diagrammes/jpg/Model5!UseCaseCollab_4.jpg> <./assets/diagrammes/jpg/Model6!UseCaseProject_5.jpg>]
<assets/diagrammes/jpg/Model7!UseCaseSkills_6.jpg, id=351, 957.5775pt x 515.9275pt>
File: assets/diagrammes/jpg/Model7!UseCaseSkills_6.jpg Graphic file (type jpg)
<use assets/diagrammes/jpg/Model7!UseCaseSkills_6.jpg>
Package pdftex.def Info: assets/diagrammes/jpg/Model7!UseCaseSkills_6.jpg  used on input line 245.
(pdftex.def)             Requested size: 362.37569pt x 195.24362pt.


[12 <./assets/diagrammes/jpg/Model7!UseCaseSkills_6.jpg>]
<assets/diagrammes/jpg/StateMachine1!Question_0.jpg, id=356, 923.45pt x 733.74126pt>
File: assets/diagrammes/jpg/StateMachine1!Question_0.jpg Graphic file (type jpg)
<use assets/diagrammes/jpg/StateMachine1!Question_0.jpg>
Package pdftex.def Info: assets/diagrammes/jpg/StateMachine1!Question_0.jpg  used on input line 254.
(pdftex.def)             Requested size: 362.37569pt x 287.9269pt.
<assets/diagrammes/jpg/StateMachine2!Formation_1.jpg, id=357, 860.21375pt x 662.475pt>
File: assets/diagrammes/jpg/StateMachine2!Formation_1.jpg Graphic file (type jpg)
<use assets/diagrammes/jpg/StateMachine2!Formation_1.jpg>
Package pdftex.def Info: assets/diagrammes/jpg/StateMachine2!Formation_1.jpg  used on input line 261.
(pdftex.def)             Requested size: 362.37569pt x 279.07661pt.
<assets/diagrammes/sequenceDiagram.jpg, id=358, 885.3075pt x 1086.0575pt>
File: assets/diagrammes/sequenceDiagram.jpg Graphic file (type jpg)
<use assets/diagrammes/sequenceDiagram.jpg>
Package pdftex.def Info: assets/diagrammes/sequenceDiagram.jpg  used on input line 269.
(pdftex.def)             Requested size: 362.37569pt x 444.5573pt.


[13 <./assets/diagrammes/jpg/StateMachine1!Question_0.jpg> <./assets/diagrammes/jpg/StateMachine2!Formation_1.jpg>]

[14 <./assets/diagrammes/sequenceDiagram.jpg>]
<assets/diagrammes/ActivityDiagram.jpg, id=368, 756.8275pt x 941.5175pt>
File: assets/diagrammes/ActivityDiagram.jpg Graphic file (type jpg)
<use assets/diagrammes/ActivityDiagram.jpg>
Package pdftex.def Info: assets/diagrammes/ActivityDiagram.jpg  used on input line 277.
(pdftex.def)             Requested size: 362.37569pt x 450.80269pt.


[15 <./assets/diagrammes/ActivityDiagram.jpg>]
<assets/logos/vscode.png, id=373, 1027.84pt x 1027.84pt>
File: assets/logos/vscode.png Graphic file (type png)
<use assets/logos/vscode.png>
Package pdftex.def Info: assets/logos/vscode.png  used on input line 298.
(pdftex.def)             Requested size: 56.9055pt x 56.89993pt.
<assets/logos/wamp.jpg, id=375, 770.88pt x 603.75563pt>
File: assets/logos/wamp.jpg Graphic file (type jpg)
<use assets/logos/wamp.jpg>
Package pdftex.def Info: assets/logos/wamp.jpg  used on input line 303.
(pdftex.def)             Requested size: 56.9055pt x 44.56113pt.
<assets/logos/OIP.jpg, id=376, 475.7775pt x 475.7775pt>
File: assets/logos/OIP.jpg Graphic file (type jpg)
<use assets/logos/OIP.jpg>
Package pdftex.def Info: assets/logos/OIP.jpg  used on input line 308.
(pdftex.def)             Requested size: 56.9055pt x 56.90207pt.
<assets/logos/mysql_PNG22.png, id=377, 2810.5pt x 2810.5pt>
File: assets/logos/mysql_PNG22.png Graphic file (type png)
<use assets/logos/mysql_PNG22.png>
Package pdftex.def Info: assets/logos/mysql_PNG22.png  used on input line 313.
(pdftex.def)             Requested size: 56.9055pt x 56.86513pt.
<assets/logos/staruml-icon.png, id=378, 256.96pt x 256.96pt>
File: assets/logos/staruml-icon.png Graphic file (type png)
<use assets/logos/staruml-icon.png>
Package pdftex.def Info: assets/logos/staruml-icon.png  used on input line 318.
(pdftex.def)             Requested size: 56.9055pt x 56.90385pt.
<assets/logos/github-mark.png, id=379, 48.18pt x 48.18pt>
File: assets/logos/github-mark.png Graphic file (type png)
<use assets/logos/github-mark.png>
Package pdftex.def Info: assets/logos/github-mark.png  used on input line 323.
(pdftex.def)             Requested size: 56.9055pt x 56.90553pt.

Overfull \hbox (55.92892pt too wide) in paragraph at lines 296--329
 [][] 
 []



[16 <./assets/logos/vscode.png> <./assets/logos/wamp.jpg> <./assets/logos/OIP.jpg> <./assets/logos/mysql_PNG22.png> <./assets/logos/staruml-icon.png> <./assets/logos/github-mark.png>]
<assets/logos/PHP_logo.png, id=388, 3764.0625pt x 1979.14406pt>
File: assets/logos/PHP_logo.png Graphic file (type png)
<use assets/logos/PHP_logo.png>
Package pdftex.def Info: assets/logos/PHP_logo.png  used on input line 338.
(pdftex.def)             Requested size: 56.9055pt x 29.89726pt.
<assets/logos/js.jpg, id=389, 475.7775pt x 475.7775pt>
File: assets/logos/js.jpg Graphic file (type jpg)
<use assets/logos/js.jpg>
Package pdftex.def Info: assets/logos/js.jpg  used on input line 343.
(pdftex.def)             Requested size: 56.9055pt x 56.90207pt.
<assets/logos/html.jpg, id=390, 475.7775pt x 670.505pt>
File: assets/logos/html.jpg Graphic file (type jpg)
<use assets/logos/html.jpg>
Package pdftex.def Info: assets/logos/html.jpg  used on input line 348.
(pdftex.def)             Requested size: 56.9055pt x 80.19112pt.
<assets/logos/css.png, id=391, 1331.28947pt x 1879.02pt>
File: assets/logos/css.png Graphic file (type png)
<use assets/logos/css.png>
Package pdftex.def Info: assets/logos/css.png  used on input line 353.
(pdftex.def)             Requested size: 56.9055pt x 80.30887pt.

Overfull \hbox (55.92892pt too wide) in paragraph at lines 336--359
 [][] 
 []

<assets/logos/OIP (1).jpg, id=392, 475.7775pt x 378.41376pt>
File: assets/logos/OIP (1).jpg Graphic file (type jpg)
<use assets/logos/OIP (1).jpg>
Package pdftex.def Info: assets/logos/OIP (1).jpg  used on input line 367.
(pdftex.def)             Requested size: 56.9055pt x 45.25755pt.
<assets/logos/jq.png, id=393, 4111.36pt x 4111.36pt>
File: assets/logos/jq.png Graphic file (type png)
<use assets/logos/jq.png>
Package pdftex.def Info: assets/logos/jq.png  used on input line 372.
(pdftex.def)             Requested size: 56.9055pt x 56.89993pt.
<assets/logos/ajax.png, id=394, 863.225pt x 903.375pt>
File: assets/logos/ajax.png Graphic file (type png)
<use assets/logos/ajax.png>
Package pdftex.def Info: assets/logos/ajax.png  used on input line 377.
(pdftex.def)             Requested size: 56.9055pt x 59.5485pt.

Overfull \hbox (55.92892pt too wide) in paragraph at lines 365--383
 [][] 
 []



[17 <./assets/logos/PHP_logo.png> <./assets/logos/js.jpg> <./assets/logos/html.jpg> <./assets/logos/css.png> <./assets/logos/OIP (1).jpg> <./assets/logos/jq.png> <./assets/logos/ajax.png>]
<assets/webSite/homePage.png, id=403, 1866.975pt x 888.31876pt>
File: assets/webSite/homePage.png Graphic file (type png)
<use assets/webSite/homePage.png>
Package pdftex.def Info: assets/webSite/homePage.png  used on input line 398.
(pdftex.def)             Requested size: 362.37569pt x 172.41496pt.
<assets/webSite/loginCollab.jpeg, id=404, 1706.375pt x 811.03pt>
File: assets/webSite/loginCollab.jpeg Graphic file (type jpg)
<use assets/webSite/loginCollab.jpeg>
Package pdftex.def Info: assets/webSite/loginCollab.jpeg  used on input line 408.
(pdftex.def)             Requested size: 317.07614pt x 150.70647pt.
<assets/webSite/envoieDemande.jpeg, id=405, 307.90031pt x 347.04657pt>
File: assets/webSite/envoieDemande.jpeg Graphic file (type jpg)
<use assets/webSite/envoieDemande.jpeg>
Package pdftex.def Info: assets/webSite/envoieDemande.jpeg  used on input line 417.
(pdftex.def)             Requested size: 135.89174pt x 153.17226pt.


[18 <./assets/webSite/homePage.png> <./assets/webSite/loginCollab.jpeg>]
<assets/webSite/profielPage.jpeg, id=411, 1865.97125pt x 910.40125pt>
File: assets/webSite/profielPage.jpeg Graphic file (type jpg)
<use assets/webSite/profielPage.jpeg>
Package pdftex.def Info: assets/webSite/profielPage.jpeg  used on input line 425.
(pdftex.def)             Requested size: 362.37569pt x 176.79822pt.


[19 <./assets/webSite/envoieDemande.jpeg> <./assets/webSite/profielPage.jpeg>]
<assets/webSite/modifProfile.png, id=416, 1856.9375pt x 948.54375pt>
File: assets/webSite/modifProfile.png Graphic file (type png)
<use assets/webSite/modifProfile.png>
Package pdftex.def Info: assets/webSite/modifProfile.png  used on input line 434.
(pdftex.def)             Requested size: 362.37569pt x 185.10278pt.
<assets/webSite/Acceuil.png, id=417, 1400.23125pt x 666.23906pt>
File: assets/webSite/Acceuil.png Graphic file (type png)
<use assets/webSite/Acceuil.png>
Package pdftex.def Info: assets/webSite/Acceuil.png  used on input line 442.
(pdftex.def)             Requested size: 362.37569pt x 172.41495pt.
<assets/webSite/addQuestion.png, id=418, 1866.975pt x 888.31876pt>
File: assets/webSite/addQuestion.png Graphic file (type png)
<use assets/webSite/addQuestion.png>
Package pdftex.def Info: assets/webSite/addQuestion.png  used on input line 449.
(pdftex.def)             Requested size: 362.37569pt x 172.41496pt.


LaTeX Warning: `!h' float specifier changed to `!ht'.



[20 <./assets/webSite/modifProfile.png> <./assets/webSite/Acceuil.png>]
<assets/webSite/search.png, id=426, 1866.975pt x 888.31876pt>
File: assets/webSite/search.png Graphic file (type png)
<use assets/webSite/search.png>
Package pdftex.def Info: assets/webSite/search.png  used on input line 456.
(pdftex.def)             Requested size: 362.37569pt x 172.41496pt.


[21 <./assets/webSite/addQuestion.png> <./assets/webSite/search.png>]
<assets/webSite/notInterested.png, id=433, 361.35pt x 702.625pt>
File: assets/webSite/notInterested.png Graphic file (type png)
<use assets/webSite/notInterested.png>
Package pdftex.def Info: assets/webSite/notInterested.png  used on input line 466.
(pdftex.def)             Requested size: 163.06795pt x 317.0789pt.
<assets/webSite/interested.png, id=434, 349.305pt x 690.58pt>
File: assets/webSite/interested.png Graphic file (type png)
<use assets/webSite/interested.png>
Package pdftex.def Info: assets/webSite/interested.png  used on input line 472.
(pdftex.def)             Requested size: 163.06795pt x 322.3914pt.
<assets//webSite/notification.png, id=435, 970.62625pt x 395.4775pt>
File: assets//webSite/notification.png Graphic file (type png)
<use assets//webSite/notification.png>
Package pdftex.def Info: assets//webSite/notification.png  used on input line 481.
(pdftex.def)             Requested size: 226.48395pt x 92.27946pt.


[22 <./assets/webSite/notInterested.png> <./assets/webSite/interested.png> <./assets//webSite/notification.png>]
<assets/webSite/base-de-connaissance.png, id=443, 1866.975pt x 888.31876pt>
File: assets/webSite/base-de-connaissance.png Graphic file (type png)
<use assets/webSite/base-de-connaissance.png>
Package pdftex.def Info: assets/webSite/base-de-connaissance.png  used on input line 490.
(pdftex.def)             Requested size: 271.7835pt x 129.31122pt.
<assets/webSite/base-de-connaissance_demo.png, id=444, 1119.18124pt x 1507.6325pt>
File: assets/webSite/base-de-connaissance_demo.png Graphic file (type png)
<use assets/webSite/base-de-connaissance_demo.png>
Package pdftex.def Info: assets/webSite/base-de-connaissance_demo.png  used on input line 497.
(pdftex.def)             Requested size: 271.7835pt x 366.11806pt.


[23 <./assets/webSite/base-de-connaissance.png> <./assets/webSite/base-de-connaissance_demo.png>]
<assets/webSite/projectsPage.png, id=451, 1866.975pt x 888.31876pt>
File: assets/webSite/projectsPage.png Graphic file (type png)
<use assets/webSite/projectsPage.png>
Package pdftex.def Info: assets/webSite/projectsPage.png  used on input line 506.
(pdftex.def)             Requested size: 226.48395pt x 107.75934pt.
<assets/webSite/loginAdmin.png, id=452, 1866.975pt x 888.31876pt>
File: assets/webSite/loginAdmin.png Graphic file (type png)
<use assets/webSite/loginAdmin.png>
Package pdftex.def Info: assets/webSite/loginAdmin.png  used on input line 514.
(pdftex.def)             Requested size: 362.37569pt x 172.41496pt.


[24 <./assets/webSite/projectsPage.png> <./assets/webSite/loginAdmin.png>]
<assets/webSite/AdminProfile.jpeg, id=459, 1706.375pt x 1728.4575pt>
File: assets/webSite/AdminProfile.jpeg Graphic file (type jpg)
<use assets/webSite/AdminProfile.jpeg>
Package pdftex.def Info: assets/webSite/AdminProfile.jpeg  used on input line 530.
(pdftex.def)             Requested size: 362.37569pt x 367.0484pt.


[25 <./assets/webSite/AdminProfile.jpeg>]
<assets/webSite/AdminModif.jpeg, id=464, 1706.375pt x 1004.75375pt>
File: assets/webSite/AdminModif.jpeg Graphic file (type jpg)
<use assets/webSite/AdminModif.jpeg>
Package pdftex.def Info: assets/webSite/AdminModif.jpeg  used on input line 539.
(pdftex.def)             Requested size: 362.37569pt x 213.36554pt.


[26 <./assets/webSite/AdminModif.jpeg>]
<assets/webSite/dashboard.jpeg, id=470, 1706.375pt x 2327.69624pt>
File: assets/webSite/dashboard.jpeg Graphic file (type jpg)
<use assets/webSite/dashboard.jpeg>
Package pdftex.def Info: assets/webSite/dashboard.jpeg  used on input line 548.
(pdftex.def)             Requested size: 362.37569pt x 494.30038pt.


[27 <./assets/webSite/dashboard.jpeg>]

[28] (main.aux)
 ***********
LaTeX2e <2024-06-01>
L3 programming layer <2024-05-08>
 ***********
Package rerunfilecheck Info: File `main.out' has not changed.
(rerunfilecheck)             Checksum: 8144E241E5EC89918C0148FA21960A97;7013.
 ) 
Here is how much of TeX's memory you used:
 14071 strings out of 473938
 224627 string characters out of 5727391
 1951893 words of memory out of 5000000
 36608 multiletter control sequences out of 15000+600000
 564725 words of font info for 51 fonts, out of 8000000 for 9000
 1141 hyphenation exceptions out of 8191
 79i,14n,93p,963b,556s stack positions out of 10000i,1000n,20000p,200000b,200000s
 <C:\Users\moham\AppData\Local\MiKTeX\fonts/pk/ljfour/jknappen/ec/dpi600\tcrm1000.pk> <C:\Users\moham\AppData\Local\MiKTeX\fonts/pk/ljfour/jknappen/ec/dpi600\ecbx1200.pk> <C:\Users\moham\AppData\Local\MiKTeX\fonts/pk/ljfour/jknappen/ec/dpi600\ecrm1000.pk> <C:\Users\moham\AppData\Local\MiKTeX\fonts/pk/ljfour/jknappen/ec/dpi600\ecbx1000.pk> <C:\Users\moham\AppData\Local\MiKTeX\fonts/pk/ljfour/jknappen/ec/dpi600\ecbx1440.pk>
Output written on main.pdf (27 pages, 6520561 bytes).
PDF statistics:
 763 PDF objects out of 1000 (max. 8388607)
 112 named destinations out of 1000 (max. 500000)
 568 words of extra memory for PDF output out of 10000 (max. 10000000)

