\BOOKMARK [1][-]{section.1}{\376\377\000R\000e\000m\000e\000r\000c\000i\000e\000m\000e\000n\000t\000s}{}% 1
\BOOKMARK [1][-]{section.2}{\376\377\000R\000\351\000s\000u\000m\000\351}{}% 2
\BOOKMARK [1][-]{section.3}{\376\377\000C\000o\000n\000t\000e\000x\000t\000e\000\040\000d\000u\000\040\000P\000r\000o\000j\000e\000t}{}% 3
\BOOKMARK [2][-]{subsection.3.1}{\376\377\000I\000n\000t\000r\000o\000d\000u\000c\000t\000i\000o\000n}{section.3}% 4
\BOOKMARK [2][-]{subsection.3.2}{\376\377\000O\000b\000j\000e\000c\000t\000i\000f\000s\000\040\000d\000u\000\040\000P\000r\000o\000j\000e\000t}{section.3}% 5
\BOOKMARK [2][-]{subsection.3.3}{\376\377\000D\000i\000s\000t\000r\000i\000b\000u\000t\000i\000o\000n\000\040\000d\000e\000s\000\040\000T\000\342\000c\000h\000e\000s}{section.3}% 6
\BOOKMARK [2][-]{subsection.3.4}{\376\377\000C\000o\000n\000c\000l\000u\000s\000i\000o\000n}{section.3}% 7
\BOOKMARK [1][-]{section.4}{\376\377\000C\000o\000n\000c\000e\000p\000t\000i\000o\000n}{}% 8
\BOOKMARK [2][-]{subsection.4.1}{\376\377\000I\000n\000t\000r\000o\000d\000u\000c\000t\000i\000o\000n}{section.4}% 9
\BOOKMARK [2][-]{subsection.4.2}{\376\377\000S\000p\000\351\000c\000i\000f\000i\000c\000a\000t\000i\000o\000n\000s\000\040\000F\000o\000n\000c\000t\000i\000o\000n\000n\000e\000l\000l\000e\000s\000\040\000d\000u\000\040\000P\000r\000o\000j\000e\000t}{section.4}% 10
\BOOKMARK [2][-]{subsection.4.3}{\376\377\000S\000p\000\351\000c\000i\000f\000i\000c\000a\000t\000i\000o\000n\000s\000\040\000N\000o\000n\000-\000F\000o\000n\000c\000t\000i\000o\000n\000n\000e\000l\000l\000e\000s\000\040\000d\000u\000\040\000P\000r\000o\000j\000e\000t}{section.4}% 11
\BOOKMARK [2][-]{subsection.4.4}{\376\377\000L\000e\000s\000\040\000A\000c\000t\000e\000u\000r\000s\000\040\000d\000u\000\040\000S\000y\000s\000t\000\350\000m\000e}{section.4}% 12
\BOOKMARK [2][-]{subsection.4.5}{\376\377\000L\000e\000s\000\040\000D\000i\000a\000g\000r\000a\000m\000m\000e\000s\000\040\000U\000M\000L}{section.4}% 13
\BOOKMARK [3][-]{subsubsection.4.5.1}{\376\377\000D\000i\000a\000g\000r\000a\000m\000m\000e\000\040\000d\000e\000\040\000C\000l\000a\000s\000s\000e}{subsection.4.5}% 14
\BOOKMARK [3][-]{subsubsection.4.5.2}{\376\377\000D\000i\000a\000g\000r\000a\000m\000m\000e\000\040\000d\000e\000s\000\040\000C\000a\000s\000\040\000d\000'\000U\000t\000i\000l\000i\000s\000a\000t\000i\000o\000n}{subsection.4.5}% 15
\BOOKMARK [3][-]{subsubsection.4.5.3}{\376\377\000D\000i\000a\000g\000r\000a\000m\000m\000e\000\040\000d\000'\000\311\000t\000a\000t\000s\000-\000T\000r\000a\000n\000s\000i\000t\000i\000o\000n\000s}{subsection.4.5}% 16
\BOOKMARK [3][-]{subsubsection.4.5.4}{\376\377\000D\000i\000a\000g\000r\000a\000m\000m\000e\000\040\000d\000e\000\040\000S\000\351\000q\000u\000e\000n\000c\000e}{subsection.4.5}% 17
\BOOKMARK [3][-]{subsubsection.4.5.5}{\376\377\000D\000i\000a\000g\000r\000a\000m\000m\000e\000\040\000d\000'\000A\000c\000t\000i\000v\000i\000t\000\351}{subsection.4.5}% 18
\BOOKMARK [2][-]{subsection.4.6}{\376\377\000C\000o\000n\000c\000l\000u\000s\000i\000o\000n}{section.4}% 19
\BOOKMARK [1][-]{section.5}{\376\377\000R\000\351\000a\000l\000i\000s\000a\000t\000i\000o\000n}{}% 20
\BOOKMARK [2][-]{subsection.5.1}{\376\377\000I\000n\000t\000r\000o\000d\000u\000c\000t\000i\000o\000n}{section.5}% 21
\BOOKMARK [2][-]{subsection.5.2}{\376\377\000O\000u\000t\000i\000l\000s\000\040\000d\000e\000\040\000d\000\351\000v\000e\000l\000o\000p\000p\000e\000m\000e\000n\000t}{section.5}% 22
\BOOKMARK [3][-]{subsubsection.5.2.1}{\376\377\000\311\000q\000u\000i\000p\000e\000m\000e\000n\000t\000\040\000l\000o\000g\000i\000c\000i\000e\000l}{subsection.5.2}% 23
\BOOKMARK [3][-]{subsubsection.5.2.2}{\376\377\000L\000a\000n\000g\000a\000g\000e\000s\000\040\000d\000'\000i\000m\000p\000l\000\351\000m\000e\000n\000t\000a\000t\000i\000o\000n}{subsection.5.2}% 24
\BOOKMARK [3][-]{subsubsection.5.2.3}{\376\377\000F\000r\000a\000m\000e\000w\000o\000r\000k\000s\000\040\000e\000t\000\040\000b\000i\000b\000l\000i\000o\000t\000h\000\350\000q\000u\000e\000s}{subsection.5.2}% 25
\BOOKMARK [2][-]{subsection.5.3}{\376\377\000C\000o\000n\000c\000l\000u\000s\000i\000o\000n}{section.5}% 26
\BOOKMARK [1][-]{section.6}{\376\377\000M\000i\000s\000e\000\040\000e\000n\000\040\001\123\000u\000v\000r\000e}{}% 27
\BOOKMARK [2][-]{subsection.6.1}{\376\377\000I\000n\000t\000r\000o\000d\000u\000c\000t\000i\000o\000n}{section.6}% 28
\BOOKMARK [2][-]{subsection.6.2}{\376\377\000P\000a\000g\000e\000\040\000d\000'\000a\000c\000c\000u\000e\000i\000l}{section.6}% 29
\BOOKMARK [2][-]{subsection.6.3}{\376\377\000E\000s\000p\000a\000c\000e\000\040\000c\000o\000l\000l\000a\000b\000o\000r\000a\000t\000e\000u\000r}{section.6}% 30
\BOOKMARK [3][-]{subsubsection.6.3.1}{\376\377\000P\000a\000g\000e\000\040\000d\000e\000\040\000C\000o\000n\000n\000e\000x\000i\000o\000n}{subsection.6.3}% 31
\BOOKMARK [3][-]{subsubsection.6.3.2}{\376\377\000P\000a\000g\000e\000\040\000d\000'\000I\000n\000s\000c\000r\000i\000p\000t\000i\000o\000n}{subsection.6.3}% 32
\BOOKMARK [3][-]{subsubsection.6.3.3}{\376\377\000P\000a\000g\000e\000\040\000d\000e\000\040\000p\000r\000o\000f\000i\000l}{subsection.6.3}% 33
\BOOKMARK [3][-]{subsubsection.6.3.4}{\376\377\000P\000a\000g\000e\000\040\000d\000e\000\040\000m\000o\000d\000i\000f\000i\000c\000a\000t\000i\000o\000n\000\040\000d\000u\000\040\000p\000r\000o\000f\000i\000l}{subsection.6.3}% 34
\BOOKMARK [3][-]{subsubsection.6.3.5}{\376\377\000P\000a\000g\000e\000\040\000d\000e\000s\000\040\000q\000u\000e\000s\000t\000i\000o\000n\000s\000,\000\040\000f\000o\000r\000m\000a\000t\000i\000o\000n\000s\000\040\000e\000t\000\040\000\351\000v\000\351\000n\000e\000m\000e\000n\000t\000s}{subsection.6.3}% 35
\BOOKMARK [3][-]{subsubsection.6.3.6}{\376\377\000P\000a\000g\000e\000\040\000d\000e\000s\000\040\000c\000o\000n\000n\000a\000i\000s\000s\000a\000n\000c\000e\000s}{subsection.6.3}% 36
\BOOKMARK [3][-]{subsubsection.6.3.7}{\376\377\000P\000a\000g\000e\000\040\000d\000e\000s\000\040\000p\000r\000o\000j\000e\000t\000s}{subsection.6.3}% 37
\BOOKMARK [2][-]{subsection.6.4}{\376\377\000E\000s\000p\000a\000c\000e\000\040\000A\000d\000m\000i\000n}{section.6}% 38
\BOOKMARK [3][-]{subsubsection.6.4.1}{\376\377\000P\000a\000g\000e\000\040\000d\000'\000a\000c\000c\000u\000e\000i\000l}{subsection.6.4}% 39
\BOOKMARK [3][-]{subsubsection.6.4.2}{\376\377\000E\000s\000p\000a\000c\000e\000\040\000d\000'\000a\000d\000m\000i\000n\000i\000s\000t\000r\000a\000t\000i\000o\000n}{subsection.6.4}% 40
\BOOKMARK [3][-]{subsubsection.6.4.3}{\376\377\000P\000a\000g\000e\000\040\000d\000e\000\040\000m\000o\000d\000i\000f\000i\000c\000a\000t\000i\000o\000n\000\040\000d\000u\000\040\000p\000r\000o\000f\000i\000l}{subsection.6.4}% 41
\BOOKMARK [3][-]{subsubsection.6.4.4}{\376\377\000D\000a\000s\000h\000b\000o\000a\000r\000d}{subsection.6.4}% 42
\BOOKMARK [1][-]{section.7}{\376\377\000C\000o\000n\000c\000l\000u\000s\000i\000o\000n}{}% 43
\BOOKMARK [1][-]{section.8}{\376\377\000C\000o\000d\000e\000\040\000s\000o\000u\000r\000c\000e}{}% 44
